2018-01-22 15:36:32.926530 # on xuyang-HP-Pavilion-g4-Notebook-PC: deepdive do sentence
2018-01-22 15:36:32.926657 # run/20180122/153630.909579366/plan.sh
2018-01-22 15:36:32.926687 # execution plan for data/sentence
2018-01-22 15:36:32.926725 
2018-01-22 15:36:32.926760 : ## process/init/app ##########################################################
2018-01-22 15:36:32.926801 : # Done: 2018-01-21T21:48:59+0800 (17h 47m 31s ago)
2018-01-22 15:36:32.926845 : process/init/app/run.sh
2018-01-22 15:36:32.926890 : mark_done process/init/app
2018-01-22 15:36:32.926933 : ##############################################################################
2018-01-22 15:36:32.926978 
2018-01-22 15:36:32.927023 
2018-01-22 15:36:32.927068 : ## process/init/relation/articles ############################################
2018-01-22 15:36:32.927112 : # Done: 2018-01-22T11:26:01+0800 (4h 10m 29s ago)
2018-01-22 15:36:32.927157 : process/init/relation/articles/run.sh
2018-01-22 15:36:32.927248 : mark_done process/init/relation/articles
2018-01-22 15:36:32.927310 : ##############################################################################
2018-01-22 15:36:32.927378 
2018-01-22 15:36:32.927427 
2018-01-22 15:36:32.927471 : ## data/articles #############################################################
2018-01-22 15:36:32.927515 : # Done: 2018-01-22T11:26:01+0800 (4h 10m 30s ago)
2018-01-22 15:36:32.927561 : # no-op
2018-01-22 15:36:32.927605 : mark_done data/articles
2018-01-22 15:36:32.927649 : ##############################################################################
2018-01-22 15:36:32.927694 
2018-01-22 15:36:32.927738 
2018-01-22 15:36:32.927783 ## process/ext_sentence_by_nlp_fenci #########################################
2018-01-22 15:36:32.927827 : # Done: 2018-01-22T15:22:12+0800 (14m 19s ago)
2018-01-22 15:36:32.927872 # Done: 2018-01-22T15:22:12+0800 (14m 18s ago)
2018-01-22 15:36:32.927916 process/ext_sentence_by_nlp_fenci/run.sh
2018-01-22 15:36:32.927961 ++ dirname process/ext_sentence_by_nlp_fenci/run.sh
2018-01-22 15:36:32.928005 + cd process/ext_sentence_by_nlp_fenci
2018-01-22 15:36:32.928074 + export DEEPDIVE_CURRENT_PROCESS_NAME=process/ext_sentence_by_nlp_fenci
2018-01-22 15:36:32.928122 + DEEPDIVE_CURRENT_PROCESS_NAME=process/ext_sentence_by_nlp_fenci
2018-01-22 15:36:32.928168 + export DEEPDIVE_LOAD_FORMAT=tsv
2018-01-22 15:36:32.928212 + DEEPDIVE_LOAD_FORMAT=tsv
2018-01-22 15:36:32.928258 + deepdive compute execute 'input_sql= SELECT R0.id AS "articles.R0.id", R0.content AS "articles.R0.content"
2018-01-22 15:36:32.928303 FROM articles R0
2018-01-22 15:36:32.928346         
2018-01-22 15:36:32.928391           ' 'command="$DEEPDIVE_APP"/udf/fenci.py' output_relation=sentence
2018-01-22 15:36:32.929027 Executing with the following configuration:
2018-01-22 15:36:32.929087  DEEPDIVE_NUM_PROCESSES=3
2018-01-22 15:36:32.929146  DEEPDIVE_NUM_PARALLEL_UNLOADS=1
2018-01-22 15:36:32.929192  DEEPDIVE_NUM_PARALLEL_LOADS=1
2018-01-22 15:36:32.929302  output_relation_tmp=dd_tmp_sentence
2018-01-22 15:36:32.929356 
2018-01-22 15:36:33.197397 CREATE TABLE
2018-01-22 15:36:33.567378 CREATE TABLE
2018-01-22 15:36:33.649362 unloading to feed_processes-1: ' SELECT R0.id AS "articles.R0.id", R0.content AS "articles.R0.content"
2018-01-22 15:36:33.649506 FROM articles R0
2018-01-22 15:36:33.649549         
2018-01-22 15:36:33.649590           '
2018-01-22 15:36:33.708659 Loading dd_tmp_sentence from output_computed-1 (tsv format)
2018-01-22 15:36:36.096082 Building prefix dict from the default dictionary ...
2018-01-22 15:36:36.097670 Loading model from cache /tmp/jieba.cache
2018-01-22 15:36:36.373148 Building prefix dict from the default dictionary ...
2018-01-22 15:36:36.375447 Loading model from cache /tmp/jieba.cache
2018-01-22 15:36:36.491700 Loading model cost 0.395 seconds.
2018-01-22 15:36:36.491869 Prefix dict has been built succesfully.
2018-01-22 15:36:36.668278 Building prefix dict from the default dictionary ...
2018-01-22 15:36:36.670483 Loading model from cache /tmp/jieba.cache
2018-01-22 15:36:36.899017 Loading model cost 0.525 seconds.
2018-01-22 15:36:36.899629 Prefix dict has been built succesfully.
2018-01-22 15:36:37.428604 Loading model cost 0.760 seconds.
2018-01-22 15:36:37.429181 Prefix dict has been built succesfully.
2018-01-22 15:38:38.601549 COPY 17959
2018-01-22 15:38:38.605086 Replacing sentence with dd_tmp_sentence
2018-01-22 15:38:38.722274 DROP TABLE
2018-01-22 15:38:38.848556 ALTER TABLE
2018-01-22 15:38:38.972095 ALTER TABLE
2018-01-22 15:38:39.096279 DROP TABLE
2018-01-22 15:38:41.656385 ANALYZE
2018-01-22 15:38:41.659753 mark_done process/ext_sentence_by_nlp_fenci
2018-01-22 15:38:41.664722 ##############################################################################
2018-01-22 15:38:41.664867 
2018-01-22 15:38:41.664913 
2018-01-22 15:38:41.664953 ## data/sentence #############################################################
2018-01-22 15:38:41.664980 : # Done: 2018-01-22T15:22:12+0800 (14m 19s ago)
2018-01-22 15:38:41.665002 # Done: 2018-01-22T15:22:12+0800 (14m 18s ago)
2018-01-22 15:38:41.665023 # no-op
2018-01-22 15:38:41.665044 mark_done data/sentence
2018-01-22 15:38:41.672084 ##############################################################################
2018-01-22 15:38:41.672230 
2018-01-22 15:38:41.672276 
