2018-01-22 11:26:01.228944 # on xuyang-HP-Pavilion-g4-Notebook-PC: deepdive do articles
2018-01-22 11:26:01.229096 # run/20180122/112559.223398812/plan.sh
2018-01-22 11:26:01.229137 # execution plan for data/articles
2018-01-22 11:26:01.229176 
2018-01-22 11:26:01.229217 : ## process/init/app ##########################################################
2018-01-22 11:26:01.229259 : # Done: 2018-01-21T21:48:59+0800 (13h 37m ago)
2018-01-22 11:26:01.229301 : process/init/app/run.sh
2018-01-22 11:26:01.229344 : mark_done process/init/app
2018-01-22 11:26:01.229386 : ##############################################################################
2018-01-22 11:26:01.229430 
2018-01-22 11:26:01.229474 
2018-01-22 11:26:01.229517 ## process/init/relation/articles ############################################
2018-01-22 11:26:01.229561 # Done: 2018-01-22T10:43:49+0800 (42m 10s ago)
2018-01-22 11:26:01.229601 process/init/relation/articles/run.sh
2018-01-22 11:26:01.229639 ++ dirname process/init/relation/articles/run.sh
2018-01-22 11:26:01.229680 + cd process/init/relation/articles
2018-01-22 11:26:01.229724 + export DEEPDIVE_CURRENT_PROCESS_NAME=process/init/relation/articles
2018-01-22 11:26:01.229769 + DEEPDIVE_CURRENT_PROCESS_NAME=process/init/relation/articles
2018-01-22 11:26:01.229811 + deepdive create table articles
2018-01-22 11:26:01.408018 CREATE TABLE
2018-01-22 11:26:01.409910 + deepdive load articles
2018-01-22 11:26:01.496089 Loading articles from input/articles.csv (csv format)
2018-01-22 11:26:01.709075 COPY 816
2018-01-22 11:26:01.713229 mark_done process/init/relation/articles
2018-01-22 11:26:01.721989 ##############################################################################
2018-01-22 11:26:01.722170 
2018-01-22 11:26:01.722223 
2018-01-22 11:26:01.722269 ## data/articles #############################################################
2018-01-22 11:26:01.722305 # Done: 2018-01-22T10:43:49+0800 (42m 10s ago)
2018-01-22 11:26:01.722333 # no-op
2018-01-22 11:26:01.722358 mark_done data/articles
2018-01-22 11:26:01.730354 ##############################################################################
2018-01-22 11:26:01.730530 
2018-01-22 11:26:01.730565 
