2018-01-22 14:56:24.325278 # on xuyang-HP-Pavilion-g4-Notebook-PC: deepdive do sentence
2018-01-22 14:56:24.325399 # run/20180122/145623.092188478/plan.sh
2018-01-22 14:56:24.325431 # execution plan for data/sentence
2018-01-22 14:56:24.325469 
2018-01-22 14:56:24.325505 : ## process/init/app ##########################################################
2018-01-22 14:56:24.325546 : # Done: 2018-01-21T21:48:59+0800 (17h 7m 24s ago)
2018-01-22 14:56:24.325589 : process/init/app/run.sh
2018-01-22 14:56:24.325630 : mark_done process/init/app
2018-01-22 14:56:24.325674 : ##############################################################################
2018-01-22 14:56:24.325719 
2018-01-22 14:56:24.325764 
2018-01-22 14:56:24.325808 : ## process/init/relation/articles ############################################
2018-01-22 14:56:24.325851 : # Done: 2018-01-22T11:26:01+0800 (3h 30m 22s ago)
2018-01-22 14:56:24.325895 : process/init/relation/articles/run.sh
2018-01-22 14:56:24.325939 : mark_done process/init/relation/articles
2018-01-22 14:56:24.325982 : ##############################################################################
2018-01-22 14:56:24.326026 
2018-01-22 14:56:24.326070 
2018-01-22 14:56:24.326114 : ## data/articles #############################################################
2018-01-22 14:56:24.326158 : # Done: 2018-01-22T11:26:01+0800 (3h 30m 22s ago)
2018-01-22 14:56:24.326202 : # no-op
2018-01-22 14:56:24.326246 : mark_done data/articles
2018-01-22 14:56:24.326290 : ##############################################################################
2018-01-22 14:56:24.326333 
2018-01-22 14:56:24.326377 
2018-01-22 14:56:24.326421 ## process/ext_sentence_by_nlp_fenci #########################################
2018-01-22 14:56:24.326464 # Done: 2018-01-22T11:27:53+0800 (3h 28m 30s ago)
2018-01-22 14:56:24.326508 process/ext_sentence_by_nlp_fenci/run.sh
2018-01-22 14:56:24.326551 ++ dirname process/ext_sentence_by_nlp_fenci/run.sh
2018-01-22 14:56:24.326596 + cd process/ext_sentence_by_nlp_fenci
2018-01-22 14:56:24.326640 + export DEEPDIVE_CURRENT_PROCESS_NAME=process/ext_sentence_by_nlp_fenci
2018-01-22 14:56:24.326683 + DEEPDIVE_CURRENT_PROCESS_NAME=process/ext_sentence_by_nlp_fenci
2018-01-22 14:56:24.326728 + export DEEPDIVE_LOAD_FORMAT=tsv
2018-01-22 14:56:24.326772 + DEEPDIVE_LOAD_FORMAT=tsv
2018-01-22 14:56:24.326816 + deepdive compute execute 'input_sql= SELECT R0.id AS "articles.R0.id", R0.content AS "articles.R0.content"
2018-01-22 14:56:24.326861 FROM articles R0
2018-01-22 14:56:24.326905         
2018-01-22 14:56:24.326948           ' 'command="$DEEPDIVE_APP"/udf/fenci.py' output_relation=sentence
2018-01-22 14:56:24.333999 Executing with the following configuration:
2018-01-22 14:56:24.334123  DEEPDIVE_NUM_PROCESSES=3
2018-01-22 14:56:24.334168  DEEPDIVE_NUM_PARALLEL_UNLOADS=1
2018-01-22 14:56:24.334207  DEEPDIVE_NUM_PARALLEL_LOADS=1
2018-01-22 14:56:24.334247  output_relation_tmp=dd_tmp_sentence
2018-01-22 14:56:24.334287 
2018-01-22 14:56:24.603734 CREATE TABLE
2018-01-22 14:56:24.973381 CREATE TABLE
2018-01-22 14:56:25.054596 unloading to feed_processes-1: ' SELECT R0.id AS "articles.R0.id", R0.content AS "articles.R0.content"
2018-01-22 14:56:25.054757 FROM articles R0
2018-01-22 14:56:25.054805         
2018-01-22 14:56:25.054844           '
2018-01-22 14:56:25.085207 Loading dd_tmp_sentence from output_computed-1 (tsv format)
2018-01-22 14:56:27.141001 Building prefix dict from the default dictionary ...
2018-01-22 14:56:27.143052 Loading model from cache /tmp/jieba.cache
2018-01-22 14:56:27.480843 Loading model cost 0.339 seconds.
2018-01-22 14:56:27.481001 Prefix dict has been built succesfully.
2018-01-22 14:56:28.220791 Building prefix dict from the default dictionary ...
2018-01-22 14:56:28.222278 Loading model from cache /tmp/jieba.cache
2018-01-22 14:56:28.315188 Building prefix dict from the default dictionary ...
2018-01-22 14:56:28.317451 Loading model from cache /tmp/jieba.cache
2018-01-22 14:56:28.702640 Loading model cost 0.482 seconds.
2018-01-22 14:56:28.702810 Prefix dict has been built succesfully.
2018-01-22 14:56:28.825521 Loading model cost 0.510 seconds.
2018-01-22 14:56:28.826047 Prefix dict has been built succesfully.
2018-01-22 14:58:14.427358 COPY 12291
2018-01-22 14:58:14.431276 Replacing sentence with dd_tmp_sentence
2018-01-22 14:58:14.538869 DROP TABLE
2018-01-22 14:58:14.694972 ALTER TABLE
2018-01-22 14:58:14.818258 ALTER TABLE
2018-01-22 14:58:14.942673 DROP TABLE
2018-01-22 14:58:16.814896 ANALYZE
2018-01-22 14:58:16.818225 mark_done process/ext_sentence_by_nlp_fenci
2018-01-22 14:58:16.823641 ##############################################################################
2018-01-22 14:58:16.823787 
2018-01-22 14:58:16.823831 
2018-01-22 14:58:16.823865 ## data/sentence #############################################################
2018-01-22 14:58:16.823889 # Done: 2018-01-22T11:27:53+0800 (3h 28m 30s ago)
2018-01-22 14:58:16.823910 # no-op
2018-01-22 14:58:16.823931 mark_done data/sentence
2018-01-22 14:58:16.830802 ##############################################################################
2018-01-22 14:58:16.830950 
2018-01-22 14:58:16.831204 
