2018-01-21 22:15:20.219828 # on xuyang-HP-Pavilion-g4-Notebook-PC: deepdive do sentence
2018-01-21 22:15:20.219975 # run/20180121/221518.331046038/plan.sh
2018-01-21 22:15:20.220018 # execution plan for data/sentence
2018-01-21 22:15:20.220057 
2018-01-21 22:15:20.220095 : ## process/init/app ##########################################################
2018-01-21 22:15:20.220134 : # Done: 2018-01-21T21:48:59+0800 (26m 19s ago)
2018-01-21 22:15:20.220176 : process/init/app/run.sh
2018-01-21 22:15:20.220220 : mark_done process/init/app
2018-01-21 22:15:20.220261 : ##############################################################################
2018-01-21 22:15:20.220302 
2018-01-21 22:15:20.220342 
2018-01-21 22:15:20.220383 : ## process/init/relation/articles ############################################
2018-01-21 22:15:20.220421 : # Done: 2018-01-21T22:13:18+0800 (2m ago)
2018-01-21 22:15:20.220460 : process/init/relation/articles/run.sh
2018-01-21 22:15:20.220501 : mark_done process/init/relation/articles
2018-01-21 22:15:20.220542 : ##############################################################################
2018-01-21 22:15:20.220583 
2018-01-21 22:15:20.220624 
2018-01-21 22:15:20.220665 : ## data/articles #############################################################
2018-01-21 22:15:20.220705 : # Done: 2018-01-21T22:13:18+0800 (2m ago)
2018-01-21 22:15:20.220746 : # no-op
2018-01-21 22:15:20.220788 : mark_done data/articles
2018-01-21 22:15:20.220828 : ##############################################################################
2018-01-21 22:15:20.220869 
2018-01-21 22:15:20.220908 
2018-01-21 22:15:20.221007 ## process/ext_sentence_by_nlp_fenci #########################################
2018-01-21 22:15:20.221057 # Done: N/A
2018-01-21 22:15:20.221149 process/ext_sentence_by_nlp_fenci/run.sh
2018-01-21 22:15:20.221195 ++ dirname process/ext_sentence_by_nlp_fenci/run.sh
2018-01-21 22:15:20.221286 + cd process/ext_sentence_by_nlp_fenci
2018-01-21 22:15:20.221334 + export DEEPDIVE_CURRENT_PROCESS_NAME=process/ext_sentence_by_nlp_fenci
2018-01-21 22:15:20.221427 + DEEPDIVE_CURRENT_PROCESS_NAME=process/ext_sentence_by_nlp_fenci
2018-01-21 22:15:20.221475 + export DEEPDIVE_LOAD_FORMAT=tsv
2018-01-21 22:15:20.221562 + DEEPDIVE_LOAD_FORMAT=tsv
2018-01-21 22:15:20.221653 + deepdive compute execute 'input_sql= SELECT R0.id AS "articles.R0.id", R0.content AS "articles.R0.content"
2018-01-21 22:15:20.221700 FROM articles R0
2018-01-21 22:15:20.221740         
2018-01-21 22:15:20.221827           ' 'command="$DEEPDIVE_APP"/udf/fenci.py' output_relation=sentence
2018-01-21 22:15:20.230194 Executing with the following configuration:
2018-01-21 22:15:20.230325  DEEPDIVE_NUM_PROCESSES=3
2018-01-21 22:15:20.230368  DEEPDIVE_NUM_PARALLEL_UNLOADS=1
2018-01-21 22:15:20.230410  DEEPDIVE_NUM_PARALLEL_LOADS=1
2018-01-21 22:15:20.230452  output_relation_tmp=dd_tmp_sentence
2018-01-21 22:15:20.230496 
2018-01-21 22:15:20.659528 CREATE TABLE
2018-01-21 22:15:21.019092 CREATE TABLE
2018-01-21 22:15:21.096871 unloading to feed_processes-1: ' SELECT R0.id AS "articles.R0.id", R0.content AS "articles.R0.content"
2018-01-21 22:15:21.097033 FROM articles R0
2018-01-21 22:15:21.097089         
2018-01-21 22:15:21.097141           '
2018-01-21 22:15:21.126178 Loading dd_tmp_sentence from output_computed-1 (tsv format)
2018-01-21 22:15:23.859185 Building prefix dict from the default dictionary ...
2018-01-21 22:15:23.860696 Loading model from cache /tmp/jieba.cache
2018-01-21 22:15:25.891601 Dumping model to file cache /tmp/jieba.cache
2018-01-21 22:15:26.139960 Loading model cost 2.280 seconds.
2018-01-21 22:15:26.140101 Prefix dict has been built succesfully.
2018-01-21 22:15:26.144364 Traceback (most recent call last):
2018-01-21 22:15:26.144428   File "/home/xuyang/Projects/ADR2/udf/fenci.py", line 23, in <module>
2018-01-21 22:15:26.144491     content='text',
2018-01-21 22:15:26.144539   File "/home/xuyang/local/lib/python/ddlib/util.py", line 292, in tsv_extractor
2018-01-21 22:15:26.144587     printer.write(out_row)
2018-01-21 22:15:26.144629   File "/home/xuyang/local/lib/python/ddlib/util.py", line 215, in write
2018-01-21 22:15:26.144673     print '\t'.join(print_pgtsv_element(x, n, t) for x,(n,t) in zip(out, self.fields))
2018-01-21 22:15:26.144714   File "/home/xuyang/local/lib/python/ddlib/util.py", line 215, in <genexpr>
2018-01-21 22:15:26.144756     print '\t'.join(print_pgtsv_element(x, n, t) for x,(n,t) in zip(out, self.fields))
2018-01-21 22:15:26.144800   File "/home/xuyang/local/lib/python/ddlib/util.py", line 170, in print_pgtsv_element
2018-01-21 22:15:26.144839     return '{%s}' % ','.join(print_pgtsv_element(e, n, t[:-2], array_nesting_depth=array_nesting_depth+1) for e in x)
2018-01-21 22:15:26.144882   File "/home/xuyang/local/lib/python/ddlib/util.py", line 170, in <genexpr>
2018-01-21 22:15:26.144928     return '{%s}' % ','.join(print_pgtsv_element(e, n, t[:-2], array_nesting_depth=array_nesting_depth+1) for e in x)
2018-01-21 22:15:26.144971   File "/home/xuyang/local/lib/python/ddlib/util.py", line 179, in print_pgtsv_element
2018-01-21 22:15:26.145017     name=n, declared_type=t, value_type=type(x), value=x,
2018-01-21 22:15:26.145062 Exception: <exception str() failed>
2018-01-21 22:15:26.417925 /home/xuyang/local/util/compute-driver/local/compute-execute: 第 140 行: kill: (3702) - 没有那个进程
2018-01-21 22:15:26.418073 /home/xuyang/local/util/compute-driver/local/compute-execute: 第 140 行: kill: (3703) - 没有那个进程
2018-01-21 22:15:26.418117 /home/xuyang/local/util/compute-driver/local/compute-execute: 第 140 行: kill: (3704) - 没有那个进程
2018-01-21 22:15:26.418156 /home/xuyang/local/util/compute-driver/local/compute-execute: 第 140 行: kill: (3715) - 没有那个进程
2018-01-21 22:15:26.418196 /home/xuyang/local/util/compute-driver/local/compute-execute: 第 140 行: kill: (3716) - 没有那个进程
2018-01-21 22:15:26.419322 COPY 0
2018-01-21 22:15:26.421744 [ERROR] command='"$DEEPDIVE_APP"/udf/fenci.py': PID 3703: finished with non-zero exit status (0)
2018-01-21 22:15:26.422139 /home/xuyang/local/util/compute-driver/local/compute-execute: 行 138:  3709 已终止               deepdive-load "$output_relation_tmp" output_computed-*
