2018-01-22 11:26:23.021601 # on xuyang-HP-Pavilion-g4-Notebook-PC: deepdive do sentence
2018-01-22 11:26:23.021725 # run/20180122/112620.767810547/plan.sh
2018-01-22 11:26:23.021771 # execution plan for data/sentence
2018-01-22 11:26:23.021809 
2018-01-22 11:26:23.021850 : ## process/init/app ##########################################################
2018-01-22 11:26:23.021893 : # Done: 2018-01-21T21:48:59+0800 (13h 37m 21s ago)
2018-01-22 11:26:23.021938 : process/init/app/run.sh
2018-01-22 11:26:23.021982 : mark_done process/init/app
2018-01-22 11:26:23.022026 : ##############################################################################
2018-01-22 11:26:23.022070 
2018-01-22 11:26:23.022113 
2018-01-22 11:26:23.022157 : ## process/init/relation/articles ############################################
2018-01-22 11:26:23.022199 : # Done: 2018-01-22T11:26:01+0800 (19s ago)
2018-01-22 11:26:23.022242 : process/init/relation/articles/run.sh
2018-01-22 11:26:23.022285 : mark_done process/init/relation/articles
2018-01-22 11:26:23.022328 : ##############################################################################
2018-01-22 11:26:23.022370 
2018-01-22 11:26:23.022414 
2018-01-22 11:26:23.022457 : ## data/articles #############################################################
2018-01-22 11:26:23.022499 : # Done: 2018-01-22T11:26:01+0800 (19s ago)
2018-01-22 11:26:23.022542 : # no-op
2018-01-22 11:26:23.022585 : mark_done data/articles
2018-01-22 11:26:23.022628 : ##############################################################################
2018-01-22 11:26:23.022671 
2018-01-22 11:26:23.022714 
2018-01-22 11:26:23.022756 ## process/ext_sentence_by_nlp_fenci #########################################
2018-01-22 11:26:23.022798 # Done: 2018-01-22T11:11:02+0800 (15m 18s ago)
2018-01-22 11:26:23.022841 process/ext_sentence_by_nlp_fenci/run.sh
2018-01-22 11:26:23.022885 ++ dirname process/ext_sentence_by_nlp_fenci/run.sh
2018-01-22 11:26:23.022927 + cd process/ext_sentence_by_nlp_fenci
2018-01-22 11:26:23.022969 + export DEEPDIVE_CURRENT_PROCESS_NAME=process/ext_sentence_by_nlp_fenci
2018-01-22 11:26:23.023012 + DEEPDIVE_CURRENT_PROCESS_NAME=process/ext_sentence_by_nlp_fenci
2018-01-22 11:26:23.023056 + export DEEPDIVE_LOAD_FORMAT=tsv
2018-01-22 11:26:23.023099 + DEEPDIVE_LOAD_FORMAT=tsv
2018-01-22 11:26:23.023144 + deepdive compute execute 'input_sql= SELECT R0.id AS "articles.R0.id", R0.content AS "articles.R0.content"
2018-01-22 11:26:23.023188 FROM articles R0
2018-01-22 11:26:23.023232         
2018-01-22 11:26:23.023275           ' 'command="$DEEPDIVE_APP"/udf/fenci.py' output_relation=sentence
2018-01-22 11:26:23.027514 Executing with the following configuration:
2018-01-22 11:26:23.027635  DEEPDIVE_NUM_PROCESSES=3
2018-01-22 11:26:23.027676  DEEPDIVE_NUM_PARALLEL_UNLOADS=1
2018-01-22 11:26:23.027711  DEEPDIVE_NUM_PARALLEL_LOADS=1
2018-01-22 11:26:23.027751  output_relation_tmp=dd_tmp_sentence
2018-01-22 11:26:23.027793 
2018-01-22 11:26:23.311089 CREATE TABLE
2018-01-22 11:26:23.662463 CREATE TABLE
2018-01-22 11:26:23.745182 unloading to feed_processes-1: ' SELECT R0.id AS "articles.R0.id", R0.content AS "articles.R0.content"
2018-01-22 11:26:23.745328 FROM articles R0
2018-01-22 11:26:23.745376         
2018-01-22 11:26:23.745415           '
2018-01-22 11:26:23.766298 Loading dd_tmp_sentence from output_computed-1 (tsv format)
2018-01-22 11:26:26.495409 Building prefix dict from the default dictionary ...
2018-01-22 11:26:26.497036 Loading model from cache /tmp/jieba.cache
2018-01-22 11:26:26.624362 Building prefix dict from the default dictionary ...
2018-01-22 11:26:26.625490 Loading model from cache /tmp/jieba.cache
2018-01-22 11:26:26.962244 Building prefix dict from the default dictionary ...
2018-01-22 11:26:26.964322 Loading model from cache /tmp/jieba.cache
2018-01-22 11:26:26.973499 Loading model cost 0.477 seconds.
2018-01-22 11:26:26.973646 Prefix dict has been built succesfully.
2018-01-22 11:26:27.005019 Loading model cost 0.380 seconds.
2018-01-22 11:26:27.005210 Prefix dict has been built succesfully.
2018-01-22 11:26:27.486454 Loading model cost 0.524 seconds.
2018-01-22 11:26:27.486604 Prefix dict has been built succesfully.
2018-01-22 11:27:49.994387 COPY 12291
2018-01-22 11:27:49.998981 Replacing sentence with dd_tmp_sentence
2018-01-22 11:27:50.132884 DROP TABLE
2018-01-22 11:27:50.725867 ALTER TABLE
2018-01-22 11:27:50.869939 ALTER TABLE
2018-01-22 11:27:51.276858 DROP TABLE
2018-01-22 11:27:53.248390 ANALYZE
2018-01-22 11:27:53.252448 mark_done process/ext_sentence_by_nlp_fenci
2018-01-22 11:27:53.259447 ##############################################################################
2018-01-22 11:27:53.259623 
2018-01-22 11:27:53.259685 
2018-01-22 11:27:53.259746 ## data/sentence #############################################################
2018-01-22 11:27:53.259816 # Done: 2018-01-22T11:11:02+0800 (15m 18s ago)
2018-01-22 11:27:53.259871 # no-op
2018-01-22 11:27:53.259928 mark_done data/sentence
2018-01-22 11:27:53.268494 ##############################################################################
2018-01-22 11:27:53.268672 
2018-01-22 11:27:53.268727 
