2018-01-21 22:10:30.030070 "run/LATEST.COMPILE" -> "20180121/221029.982121569"
2018-01-21 22:10:30.030200 "run/RUNNING.COMPILE" -> "20180121/221029.982121569"
2018-01-21 22:10:30.030242 Parsing DeepDive application (/home/xuyang/Projects/ADR2) to generate:
2018-01-21 22:10:30.030279  run/compiled/schema.json
2018-01-21 22:10:30.030321   from app.ddlog
2018-01-21 22:10:31.092077  run/compiled/deepdive.conf
2018-01-21 22:10:31.092273   from app.ddlog
2018-01-21 22:10:32.375493  run/compiled/deepdive.conf.json
2018-01-21 22:10:32.832020 Performing sanity checks on run/compiled/deepdive.conf.json:
2018-01-21 22:10:32.892209  checking if input_extractors_well_defined
2018-01-21 22:10:32.892374  checking if input_schema_wellformed
2018-01-21 22:10:32.892743 Normalizing and adding built-in processes to the data flow to compile:
2018-01-21 22:10:32.893505  run/compiled/config-0.00-init_objects.json
2018-01-21 22:10:32.910908  run/compiled/config-0.01-parse_calibration.json
2018-01-21 22:10:32.926686  run/compiled/config-0.01-parse_schema.json
2018-01-21 22:10:32.964851  run/compiled/config-0.51-add_init_app.json
2018-01-21 22:10:32.978289  run/compiled/config-0.52-input_loader.json
2018-01-21 22:10:33.014971  run/compiled/config-1.00-qualified_names.json
2018-01-21 22:10:33.047343  run/compiled/config-1.01-parse_inference_rules.json
2018-01-21 22:10:33.100196  run/compiled/config-2.01-grounding.json
2018-01-21 22:10:33.278408  run/compiled/config-2.02-learning_inference.json
2018-01-21 22:10:33.323102  run/compiled/config-2.03-calibration_plots.json
2018-01-21 22:10:33.354184  run/compiled/config-9.98-ensure_init_app.json
2018-01-21 22:10:33.377410  run/compiled/config-9.99-dependencies.json
2018-01-21 22:10:33.405062  run/compiled/config.json
2018-01-21 22:10:33.406852 Validating run/compiled/config.json:
2018-01-21 22:10:33.516419  checking if compiled_base_relations_have_input_data
2018-01-21 22:10:33.516599  checking if compiled_dependencies_correct
2018-01-21 22:10:33.516694  checking if compiled_input_output_well_defined
2018-01-21 22:10:33.516747  checking if compiled_output_uniquely_defined
2018-01-21 22:10:33.516993 Compiling executable code into:
2018-01-21 22:10:33.517623  run/compiled/code-cmd_extractor.json
2018-01-21 22:10:33.550563  run/compiled/code-dataflow_dot.json
2018-01-21 22:10:33.601938  run/compiled/code-Makefile.json
2018-01-21 22:10:33.645013  run/compiled/code-sql_extractor.json
2018-01-21 22:10:33.671320  run/compiled/code-tsv_extractor.json
2018-01-21 22:10:33.703643 Generating files:
2018-01-21 22:10:33.741197  run/process/init/app/run.sh
2018-01-21 22:10:33.750374  run/process/init/relation/ards_dbdata/run.sh
2018-01-21 22:10:33.757642  run/process/init/relation/articles/run.sh
2018-01-21 22:10:33.765410  run/process/ext_ards_label/run.sh
2018-01-21 22:10:33.774996  run/process/ext_ards_label_resolved/run.sh
2018-01-21 22:10:33.783244  run/process/ext_has_effect/run.sh
2018-01-21 22:10:33.790474  run/process/grounding/variable_id_partition/run.sh
2018-01-21 22:10:33.798368  run/process/grounding/variable/has_effect/assign_id/run.sh
2018-01-21 22:10:33.805972  run/process/grounding/variable_holdout/run.sh
2018-01-21 22:10:33.815581  run/process/grounding/variable/has_effect/dump/run.sh
2018-01-21 22:10:33.824444  run/process/grounding/factor/inf_istrue_has_effect/materialize/run.sh
2018-01-21 22:10:33.831815  run/process/grounding/weight_id_partition/run.sh
2018-01-21 22:10:33.839504  run/process/grounding/global_weight_table/run.sh
2018-01-21 22:10:33.848922  run/process/grounding/factor/inf_istrue_has_effect/assign_weight_id/run.sh
2018-01-21 22:10:33.856434  run/process/grounding/factor/inf_istrue_has_effect/dump/run.sh
2018-01-21 22:10:33.863970  run/process/grounding/factor/inf_istrue_has_effect/dump_weights/run.sh
2018-01-21 22:10:33.872272  run/process/grounding/combine_factorgraph/run.sh
2018-01-21 22:10:33.881730  run/process/model/learning/run.sh
2018-01-21 22:10:33.890662  run/process/model/inference/run.sh
2018-01-21 22:10:33.897348  run/process/model/load_weights/run.sh
2018-01-21 22:10:33.906023  run/process/model/load_probabilities/run.sh
2018-01-21 22:10:33.915776  run/process/model/calibration/run.sh
2018-01-21 22:10:33.924745  run/dataflow.dot
2018-01-21 22:10:33.932503  run/Makefile
2018-01-21 22:10:33.942906  run/process/ext_ards_candidate_by_map_ards_candidate/run.sh
2018-01-21 22:10:33.952246  run/process/ext_ards_feature_by_extract_ards_features/run.sh
2018-01-21 22:10:33.960828  run/process/ext_ards_mention_by_map_ards_mention/run.sh
2018-01-21 22:10:33.967205  run/process/ext_medicine_mention_by_map_medicine_mention/run.sh
2018-01-21 22:10:33.974007  run/process/ext_sentence_by_nlp_markup/run.sh
2018-01-21 22:10:33.981298  run/process/ext_sentences_by_modify_sentences/run.sh
2018-01-21 22:10:34.032799  run/dataflow.svg
2018-01-21 22:10:34.037030   (file:///home/xuyang/Projects/ADR2/run/dataflow.svg)
2018-01-21 22:10:34.039043 "run/compiled" -> "run/compiled~"
2018-01-21 22:10:34.040653 "run/compiled" -> "20180121/221029.982121569"
