2018-01-22 10:45:28.441632 # on xuyang-HP-Pavilion-g4-Notebook-PC: deepdive do sentence
2018-01-22 10:45:28.441755 # run/20180122/104526.236276405/plan.sh
2018-01-22 10:45:28.441785 # execution plan for data/sentence
2018-01-22 10:45:28.441821 
2018-01-22 10:45:28.441851 : ## process/init/app ##########################################################
2018-01-22 10:45:28.441888 : # Done: 2018-01-21T21:48:59+0800 (12h 56m 27s ago)
2018-01-22 10:45:28.441928 : process/init/app/run.sh
2018-01-22 10:45:28.441967 : mark_done process/init/app
2018-01-22 10:45:28.442007 : ##############################################################################
2018-01-22 10:45:28.442046 
2018-01-22 10:45:28.442090 
2018-01-22 10:45:28.442133 : ## process/init/relation/articles ############################################
2018-01-22 10:45:28.442175 : # Done: 2018-01-22T10:43:49+0800 (1m 37s ago)
2018-01-22 10:45:28.442215 : process/init/relation/articles/run.sh
2018-01-22 10:45:28.442260 : mark_done process/init/relation/articles
2018-01-22 10:45:28.442301 : ##############################################################################
2018-01-22 10:45:28.442342 
2018-01-22 10:45:28.442383 
2018-01-22 10:45:28.442425 : ## data/articles #############################################################
2018-01-22 10:45:28.442469 : # Done: 2018-01-22T10:43:49+0800 (1m 37s ago)
2018-01-22 10:45:28.442513 : # no-op
2018-01-22 10:45:28.442556 : mark_done data/articles
2018-01-22 10:45:28.442599 : ##############################################################################
2018-01-22 10:45:28.442642 
2018-01-22 10:45:28.442685 
2018-01-22 10:45:28.442728 ## process/ext_sentence_by_nlp_fenci #########################################
2018-01-22 10:45:28.442771 # Done: 2018-01-22T10:04:10+0800 (41m 16s ago)
2018-01-22 10:45:28.442814 process/ext_sentence_by_nlp_fenci/run.sh
2018-01-22 10:45:28.442857 ++ dirname process/ext_sentence_by_nlp_fenci/run.sh
2018-01-22 10:45:28.442900 + cd process/ext_sentence_by_nlp_fenci
2018-01-22 10:45:28.442943 + export DEEPDIVE_CURRENT_PROCESS_NAME=process/ext_sentence_by_nlp_fenci
2018-01-22 10:45:28.442986 + DEEPDIVE_CURRENT_PROCESS_NAME=process/ext_sentence_by_nlp_fenci
2018-01-22 10:45:28.443029 + export DEEPDIVE_LOAD_FORMAT=tsv
2018-01-22 10:45:28.443072 + DEEPDIVE_LOAD_FORMAT=tsv
2018-01-22 10:45:28.443116 + deepdive compute execute 'input_sql= SELECT R0.id AS "articles.R0.id", R0.content AS "articles.R0.content"
2018-01-22 10:45:28.443160 FROM articles R0
2018-01-22 10:45:28.443203         
2018-01-22 10:45:28.443247           ' 'command="$DEEPDIVE_APP"/udf/fenci.py' output_relation=sentence
2018-01-22 10:45:28.450161 Executing with the following configuration:
2018-01-22 10:45:28.450292  DEEPDIVE_NUM_PROCESSES=3
2018-01-22 10:45:28.450440  DEEPDIVE_NUM_PARALLEL_UNLOADS=1
2018-01-22 10:45:28.450520  DEEPDIVE_NUM_PARALLEL_LOADS=1
2018-01-22 10:45:28.450602  output_relation_tmp=dd_tmp_sentence
2018-01-22 10:45:28.450680 
2018-01-22 10:45:28.713367 CREATE TABLE
2018-01-22 10:45:29.062453 CREATE TABLE
2018-01-22 10:45:29.143778 unloading to feed_processes-1: ' SELECT R0.id AS "articles.R0.id", R0.content AS "articles.R0.content"
2018-01-22 10:45:29.143951 FROM articles R0
2018-01-22 10:45:29.144003         
2018-01-22 10:45:29.144052           '
2018-01-22 10:45:29.224651 Loading dd_tmp_sentence from output_computed-1 (tsv format)
2018-01-22 10:45:31.445139 Building prefix dict from the default dictionary ...
2018-01-22 10:45:31.446813 Loading model from cache /tmp/jieba.cache
2018-01-22 10:45:31.800315 Loading model cost 0.355 seconds.
2018-01-22 10:45:31.800480 Prefix dict has been built succesfully.
2018-01-22 10:45:31.968118 Building prefix dict from the default dictionary ...
2018-01-22 10:45:31.969634 Loading model from cache /tmp/jieba.cache
2018-01-22 10:45:32.322267 Building prefix dict from the default dictionary ...
2018-01-22 10:45:32.323719 Loading model from cache /tmp/jieba.cache
2018-01-22 10:45:32.480604 Loading model cost 0.512 seconds.
2018-01-22 10:45:32.480769 Prefix dict has been built succesfully.
2018-01-22 10:45:32.693754 Loading model cost 0.371 seconds.
2018-01-22 10:45:32.693927 Prefix dict has been built succesfully.
2018-01-22 10:46:40.791728 COPY 12291
2018-01-22 10:46:40.797112 Replacing sentence with dd_tmp_sentence
2018-01-22 10:46:40.933684 DROP TABLE
2018-01-22 10:46:41.079260 ALTER TABLE
2018-01-22 10:46:41.223048 ALTER TABLE
2018-01-22 10:46:41.367469 DROP TABLE
2018-01-22 10:46:43.230876 ANALYZE
2018-01-22 10:46:43.234225 mark_done process/ext_sentence_by_nlp_fenci
2018-01-22 10:46:43.241624 ##############################################################################
2018-01-22 10:46:43.241763 
2018-01-22 10:46:43.241816 
2018-01-22 10:46:43.241861 ## data/sentence #############################################################
2018-01-22 10:46:43.241908 # Done: 2018-01-22T10:04:10+0800 (41m 16s ago)
2018-01-22 10:46:43.241955 # no-op
2018-01-22 10:46:43.242006 mark_done data/sentence
2018-01-22 10:46:43.249637 ##############################################################################
2018-01-22 10:46:43.249779 
2018-01-22 10:46:43.249827 
