2018-01-22 10:43:49.357296 # on xuyang-HP-Pavilion-g4-Notebook-PC: deepdive do articles
2018-01-22 10:43:49.357460 # run/20180122/104347.924123456/plan.sh
2018-01-22 10:43:49.357506 # execution plan for data/articles
2018-01-22 10:43:49.357548 
2018-01-22 10:43:49.357591 : ## process/init/app ##########################################################
2018-01-22 10:43:49.357627 : # Done: 2018-01-21T21:48:59+0800 (12h 54m 48s ago)
2018-01-22 10:43:49.357653 : process/init/app/run.sh
2018-01-22 10:43:49.357683 : mark_done process/init/app
2018-01-22 10:43:49.357713 : ##############################################################################
2018-01-22 10:43:49.357752 
2018-01-22 10:43:49.357783 
2018-01-22 10:43:49.357811 ## process/init/relation/articles ############################################
2018-01-22 10:43:49.357854 : # Done: 2018-01-21T22:13:18+0800 (12h 30m 30s ago)
2018-01-22 10:43:49.357893 # Done: 2018-01-21T22:13:18+0800 (12h 30m 29s ago)
2018-01-22 10:43:49.357933 process/init/relation/articles/run.sh
2018-01-22 10:43:49.357973 ++ dirname process/init/relation/articles/run.sh
2018-01-22 10:43:49.358014 + cd process/init/relation/articles
2018-01-22 10:43:49.358053 + export DEEPDIVE_CURRENT_PROCESS_NAME=process/init/relation/articles
2018-01-22 10:43:49.358095 + DEEPDIVE_CURRENT_PROCESS_NAME=process/init/relation/articles
2018-01-22 10:43:49.358137 + deepdive create table articles
2018-01-22 10:43:49.541030 CREATE TABLE
2018-01-22 10:43:49.542344 + deepdive load articles
2018-01-22 10:43:49.626812 Loading articles from input/articles.csv (csv format)
2018-01-22 10:43:49.843281 COPY 816
2018-01-22 10:43:49.849819 mark_done process/init/relation/articles
2018-01-22 10:43:49.858907 ##############################################################################
2018-01-22 10:43:49.859079 
2018-01-22 10:43:49.859140 
2018-01-22 10:43:49.859198 ## data/articles #############################################################
2018-01-22 10:43:49.859246 : # Done: 2018-01-21T22:13:18+0800 (12h 30m 30s ago)
2018-01-22 10:43:49.859315 # Done: 2018-01-21T22:13:18+0800 (12h 30m 29s ago)
2018-01-22 10:43:49.859371 # no-op
2018-01-22 10:43:49.859423 mark_done data/articles
2018-01-22 10:43:49.866425 ##############################################################################
2018-01-22 10:43:49.866596 
2018-01-22 10:43:49.866644 
