2018-01-21 22:13:18.328355 # on xuyang-HP-Pavilion-g4-Notebook-PC: deepdive do articles
2018-01-21 22:13:18.328475 # run/20180121/221317.189518454/plan.sh
2018-01-21 22:13:18.328506 # execution plan for data/articles
2018-01-21 22:13:18.328542 
2018-01-21 22:13:18.328578 : ## process/init/app ##########################################################
2018-01-21 22:13:18.328618 : # Done: 2018-01-21T21:48:59+0800 (24m 18s ago)
2018-01-21 22:13:18.328701 : process/init/app/run.sh
2018-01-21 22:13:18.328750 : mark_done process/init/app
2018-01-21 22:13:18.328796 : ##############################################################################
2018-01-21 22:13:18.328843 
2018-01-21 22:13:18.328888 
2018-01-21 22:13:18.328932 ## process/init/relation/articles ############################################
2018-01-21 22:13:18.328977 # Done: 2018-01-21T21:49:00+0800 (24m 17s ago)
2018-01-21 22:13:18.329020 process/init/relation/articles/run.sh
2018-01-21 22:13:18.329065 ++ dirname process/init/relation/articles/run.sh
2018-01-21 22:13:18.329108 + cd process/init/relation/articles
2018-01-21 22:13:18.329154 + export DEEPDIVE_CURRENT_PROCESS_NAME=process/init/relation/articles
2018-01-21 22:13:18.329198 + DEEPDIVE_CURRENT_PROCESS_NAME=process/init/relation/articles
2018-01-21 22:13:18.329242 + deepdive create table articles
2018-01-21 22:13:18.525715 CREATE TABLE
2018-01-21 22:13:18.527340 + deepdive load articles
2018-01-21 22:13:18.609952 Loading articles from input/articles.csv (csv format)
2018-01-21 22:13:18.740817 COPY 20
2018-01-21 22:13:18.746185 mark_done process/init/relation/articles
2018-01-21 22:13:18.753777 ##############################################################################
2018-01-21 22:13:18.753936 
2018-01-21 22:13:18.754002 
2018-01-21 22:13:18.754052 ## data/articles #############################################################
2018-01-21 22:13:18.754102 # Done: 2018-01-21T21:49:00+0800 (24m 17s ago)
2018-01-21 22:13:18.754152 # no-op
2018-01-21 22:13:18.754202 mark_done data/articles
2018-01-21 22:13:18.760801 ##############################################################################
2018-01-21 22:13:18.760977 
2018-01-21 22:13:18.761030 
